<?xml version="1.0" encoding="UTF-8"?>
<testsuite xmlns:xsi="http://www.w3.org/2001/XMLSchema-instance" xsi:noNamespaceSchemaLocation="https://maven.apache.org/surefire/maven-surefire-plugin/xsd/surefire-test-report.xsd" name="com.mf.springboot.jpa.auditing.test.SpringbootJpaAuditingApplicationTests" time="3.879" tests="1" errors="0" skipped="0" failures="0">
  <properties>
    <property name="sun.desktop" value="windows"/>
    <property name="awt.toolkit" value="sun.awt.windows.WToolkit"/>
    <property name="file.encoding.pkg" value="sun.io"/>
    <property name="java.specification.version" value="1.8"/>
    <property name="sun.cpu.isalist" value="amd64"/>
    <property name="sun.jnu.encoding" value="Cp1252"/>
    <property name="java.class.path" value="E:\workspaces\workspace\spring-boot-auditing\target\test-classes;E:\workspaces\workspace\spring-boot-auditing\target\classes;E:\Logiciels\apache-maven-3.6.3_repository\org\springframework\boot\spring-boot-starter-data-jpa\2.0.5.RELEASE\spring-boot-starter-data-jpa-2.0.5.RELEASE.jar;E:\Logiciels\apache-maven-3.6.3_repository\org\springframework\boot\spring-boot-starter\2.0.5.RELEASE\spring-boot-starter-2.0.5.RELEASE.jar;E:\Logiciels\apache-maven-3.6.3_repository\org\springframework\boot\spring-boot-starter-logging\2.0.5.RELEASE\spring-boot-starter-logging-2.0.5.RELEASE.jar;E:\Logiciels\apache-maven-3.6.3_repository\ch\qos\logback\logback-classic\1.2.3\logback-classic-1.2.3.jar;E:\Logiciels\apache-maven-3.6.3_repository\ch\qos\logback\logback-core\1.2.3\logback-core-1.2.3.jar;E:\Logiciels\apache-maven-3.6.3_repository\org\apache\logging\log4j\log4j-to-slf4j\2.10.0\log4j-to-slf4j-2.10.0.jar;E:\Logiciels\apache-maven-3.6.3_repository\org\apache\logging\log4j\log4j-api\2.10.0\log4j-api-2.10.0.jar;E:\Logiciels\apache-maven-3.6.3_repository\org\slf4j\jul-to-slf4j\1.7.25\jul-to-slf4j-1.7.25.jar;E:\Logiciels\apache-maven-3.6.3_repository\javax\annotation\javax.annotation-api\1.3.2\javax.annotation-api-1.3.2.jar;E:\Logiciels\apache-maven-3.6.3_repository\org\yaml\snakeyaml\1.19\snakeyaml-1.19.jar;E:\Logiciels\apache-maven-3.6.3_repository\org\springframework\boot\spring-boot-starter-aop\2.0.5.RELEASE\spring-boot-starter-aop-2.0.5.RELEASE.jar;E:\Logiciels\apache-maven-3.6.3_repository\org\springframework\spring-aop\5.0.9.RELEASE\spring-aop-5.0.9.RELEASE.jar;E:\Logiciels\apache-maven-3.6.3_repository\org\aspectj\aspectjweaver\1.8.13\aspectjweaver-1.8.13.jar;E:\Logiciels\apache-maven-3.6.3_repository\org\springframework\boot\spring-boot-starter-jdbc\2.0.5.RELEASE\spring-boot-starter-jdbc-2.0.5.RELEASE.jar;E:\Logiciels\apache-maven-3.6.3_repository\com\zaxxer\HikariCP\2.7.9\HikariCP-2.7.9.jar;E:\Logiciels\apache-maven-3.6.3_repository\org\springframework\spring-jdbc\5.0.9.RELEASE\spring-jdbc-5.0.9.RELEASE.jar;E:\Logiciels\apache-maven-3.6.3_repository\javax\transaction\javax.transaction-api\1.2\javax.transaction-api-1.2.jar;E:\Logiciels\apache-maven-3.6.3_repository\org\hibernate\hibernate-core\5.2.17.Final\hibernate-core-5.2.17.Final.jar;E:\Logiciels\apache-maven-3.6.3_repository\org\jboss\logging\jboss-logging\3.3.2.Final\jboss-logging-3.3.2.Final.jar;E:\Logiciels\apache-maven-3.6.3_repository\org\hibernate\javax\persistence\hibernate-jpa-2.1-api\1.0.2.Final\hibernate-jpa-2.1-api-1.0.2.Final.jar;E:\Logiciels\apache-maven-3.6.3_repository\org\javassist\javassist\3.22.0-GA\javassist-3.22.0-GA.jar;E:\Logiciels\apache-maven-3.6.3_repository\antlr\antlr\2.7.7\antlr-2.7.7.jar;E:\Logiciels\apache-maven-3.6.3_repository\org\jboss\jandex\2.0.3.Final\jandex-2.0.3.Final.jar;E:\Logiciels\apache-maven-3.6.3_repository\com\fasterxml\classmate\1.3.4\classmate-1.3.4.jar;E:\Logiciels\apache-maven-3.6.3_repository\dom4j\dom4j\1.6.1\dom4j-1.6.1.jar;E:\Logiciels\apache-maven-3.6.3_repository\org\hibernate\common\hibernate-commons-annotations\5.0.1.Final\hibernate-commons-annotations-5.0.1.Final.jar;E:\Logiciels\apache-maven-3.6.3_repository\org\springframework\data\spring-data-jpa\2.0.10.RELEASE\spring-data-jpa-2.0.10.RELEASE.jar;E:\Logiciels\apache-maven-3.6.3_repository\org\springframework\data\spring-data-commons\2.0.10.RELEASE\spring-data-commons-2.0.10.RELEASE.jar;E:\Logiciels\apache-maven-3.6.3_repository\org\springframework\spring-orm\5.0.9.RELEASE\spring-orm-5.0.9.RELEASE.jar;E:\Logiciels\apache-maven-3.6.3_repository\org\springframework\spring-context\5.0.9.RELEASE\spring-context-5.0.9.RELEASE.jar;E:\Logiciels\apache-maven-3.6.3_repository\org\springframework\spring-tx\5.0.9.RELEASE\spring-tx-5.0.9.RELEASE.jar;E:\Logiciels\apache-maven-3.6.3_repository\org\springframework\spring-beans\5.0.9.RELEASE\spring-beans-5.0.9.RELEASE.jar;E:\Logiciels\apache-maven-3.6.3_repository\org\slf4j\slf4j-api\1.7.25\slf4j-api-1.7.25.jar;E:\Logiciels\apache-maven-3.6.3_repository\org\springframework\spring-aspects\5.0.9.RELEASE\spring-aspects-5.0.9.RELEASE.jar;E:\Logiciels\apache-maven-3.6.3_repository\org\springframework\boot\spring-boot-starter-web\2.0.5.RELEASE\spring-boot-starter-web-2.0.5.RELEASE.jar;E:\Logiciels\apache-maven-3.6.3_repository\org\springframework\boot\spring-boot-starter-json\2.0.5.RELEASE\spring-boot-starter-json-2.0.5.RELEASE.jar;E:\Logiciels\apache-maven-3.6.3_repository\com\fasterxml\jackson\core\jackson-databind\2.9.6\jackson-databind-2.9.6.jar;E:\Logiciels\apache-maven-3.6.3_repository\com\fasterxml\jackson\core\jackson-annotations\2.9.0\jackson-annotations-2.9.0.jar;E:\Logiciels\apache-maven-3.6.3_repository\com\fasterxml\jackson\core\jackson-core\2.9.6\jackson-core-2.9.6.jar;E:\Logiciels\apache-maven-3.6.3_repository\com\fasterxml\jackson\datatype\jackson-datatype-jdk8\2.9.6\jackson-datatype-jdk8-2.9.6.jar;E:\Logiciels\apache-maven-3.6.3_repository\com\fasterxml\jackson\datatype\jackson-datatype-jsr310\2.9.6\jackson-datatype-jsr310-2.9.6.jar;E:\Logiciels\apache-maven-3.6.3_repository\com\fasterxml\jackson\module\jackson-module-parameter-names\2.9.6\jackson-module-parameter-names-2.9.6.jar;E:\Logiciels\apache-maven-3.6.3_repository\org\springframework\boot\spring-boot-starter-tomcat\2.0.5.RELEASE\spring-boot-starter-tomcat-2.0.5.RELEASE.jar;E:\Logiciels\apache-maven-3.6.3_repository\org\apache\tomcat\embed\tomcat-embed-core\8.5.34\tomcat-embed-core-8.5.34.jar;E:\Logiciels\apache-maven-3.6.3_repository\org\apache\tomcat\embed\tomcat-embed-el\8.5.34\tomcat-embed-el-8.5.34.jar;E:\Logiciels\apache-maven-3.6.3_repository\org\apache\tomcat\embed\tomcat-embed-websocket\8.5.34\tomcat-embed-websocket-8.5.34.jar;E:\Logiciels\apache-maven-3.6.3_repository\org\hibernate\validator\hibernate-validator\6.0.12.Final\hibernate-validator-6.0.12.Final.jar;E:\Logiciels\apache-maven-3.6.3_repository\javax\validation\validation-api\2.0.1.Final\validation-api-2.0.1.Final.jar;E:\Logiciels\apache-maven-3.6.3_repository\org\springframework\spring-web\5.0.9.RELEASE\spring-web-5.0.9.RELEASE.jar;E:\Logiciels\apache-maven-3.6.3_repository\org\springframework\spring-webmvc\5.0.9.RELEASE\spring-webmvc-5.0.9.RELEASE.jar;E:\Logiciels\apache-maven-3.6.3_repository\org\springframework\spring-expression\5.0.9.RELEASE\spring-expression-5.0.9.RELEASE.jar;E:\Logiciels\apache-maven-3.6.3_repository\org\springframework\boot\spring-boot-devtools\2.0.5.RELEASE\spring-boot-devtools-2.0.5.RELEASE.jar;E:\Logiciels\apache-maven-3.6.3_repository\org\springframework\boot\spring-boot\2.0.5.RELEASE\spring-boot-2.0.5.RELEASE.jar;E:\Logiciels\apache-maven-3.6.3_repository\org\springframework\boot\spring-boot-autoconfigure\2.0.5.RELEASE\spring-boot-autoconfigure-2.0.5.RELEASE.jar;E:\Logiciels\apache-maven-3.6.3_repository\mysql\mysql-connector-java\5.1.47\mysql-connector-java-5.1.47.jar;E:\Logiciels\apache-maven-3.6.3_repository\org\springframework\boot\spring-boot-starter-test\2.0.5.RELEASE\spring-boot-starter-test-2.0.5.RELEASE.jar;E:\Logiciels\apache-maven-3.6.3_repository\org\springframework\boot\spring-boot-test\2.0.5.RELEASE\spring-boot-test-2.0.5.RELEASE.jar;E:\Logiciels\apache-maven-3.6.3_repository\org\springframework\boot\spring-boot-test-autoconfigure\2.0.5.RELEASE\spring-boot-test-autoconfigure-2.0.5.RELEASE.jar;E:\Logiciels\apache-maven-3.6.3_repository\com\jayway\jsonpath\json-path\2.4.0\json-path-2.4.0.jar;E:\Logiciels\apache-maven-3.6.3_repository\net\minidev\json-smart\2.3\json-smart-2.3.jar;E:\Logiciels\apache-maven-3.6.3_repository\net\minidev\accessors-smart\1.2\accessors-smart-1.2.jar;E:\Logiciels\apache-maven-3.6.3_repository\org\ow2\asm\asm\5.0.4\asm-5.0.4.jar;E:\Logiciels\apache-maven-3.6.3_repository\junit\junit\4.12\junit-4.12.jar;E:\Logiciels\apache-maven-3.6.3_repository\org\assertj\assertj-core\3.9.1\assertj-core-3.9.1.jar;E:\Logiciels\apache-maven-3.6.3_repository\org\mockito\mockito-core\2.15.0\mockito-core-2.15.0.jar;E:\Logiciels\apache-maven-3.6.3_repository\net\bytebuddy\byte-buddy\1.7.11\byte-buddy-1.7.11.jar;E:\Logiciels\apache-maven-3.6.3_repository\net\bytebuddy\byte-buddy-agent\1.7.11\byte-buddy-agent-1.7.11.jar;E:\Logiciels\apache-maven-3.6.3_repository\org\objenesis\objenesis\2.6\objenesis-2.6.jar;E:\Logiciels\apache-maven-3.6.3_repository\org\hamcrest\hamcrest-core\1.3\hamcrest-core-1.3.jar;E:\Logiciels\apache-maven-3.6.3_repository\org\hamcrest\hamcrest-library\1.3\hamcrest-library-1.3.jar;E:\Logiciels\apache-maven-3.6.3_repository\org\skyscreamer\jsonassert\1.5.0\jsonassert-1.5.0.jar;E:\Logiciels\apache-maven-3.6.3_repository\com\vaadin\external\google\android-json\0.0.20131108.vaadin1\android-json-0.0.20131108.vaadin1.jar;E:\Logiciels\apache-maven-3.6.3_repository\org\springframework\spring-core\5.0.9.RELEASE\spring-core-5.0.9.RELEASE.jar;E:\Logiciels\apache-maven-3.6.3_repository\org\springframework\spring-jcl\5.0.9.RELEASE\spring-jcl-5.0.9.RELEASE.jar;E:\Logiciels\apache-maven-3.6.3_repository\org\springframework\spring-test\5.0.9.RELEASE\spring-test-5.0.9.RELEASE.jar;E:\Logiciels\apache-maven-3.6.3_repository\org\xmlunit\xmlunit-core\2.5.1\xmlunit-core-2.5.1.jar;"/>
    <property name="java.vm.vendor" value="Oracle Corporation"/>
    <property name="sun.arch.data.model" value="64"/>
    <property name="user.variant" value=""/>
    <property name="java.vendor.url" value="http://java.oracle.com/"/>
    <property name="user.timezone" value=""/>
    <property name="java.vm.specification.version" value="1.8"/>
    <property name="os.name" value="Windows 10"/>
    <property name="user.country" value="FR"/>
    <property name="sun.java.launcher" value="SUN_STANDARD"/>
    <property name="sun.boot.library.path" value="E:\Logiciels\jdk-8u241-windows-x64\jre\bin"/>
    <property name="sun.java.command" value="C:\Users\maher\AppData\Local\Temp\surefire5964127393736139969\surefirebooter155370718290996901.jar C:\Users\maher\AppData\Local\Temp\surefire5964127393736139969 2020-05-15T10-26-42_204-jvmRun1 surefire1520849616466648855tmp surefire_0750608134355652166tmp"/>
    <property name="surefire.test.class.path" value="E:\workspaces\workspace\spring-boot-auditing\target\test-classes;E:\workspaces\workspace\spring-boot-auditing\target\classes;E:\Logiciels\apache-maven-3.6.3_repository\org\springframework\boot\spring-boot-starter-data-jpa\2.0.5.RELEASE\spring-boot-starter-data-jpa-2.0.5.RELEASE.jar;E:\Logiciels\apache-maven-3.6.3_repository\org\springframework\boot\spring-boot-starter\2.0.5.RELEASE\spring-boot-starter-2.0.5.RELEASE.jar;E:\Logiciels\apache-maven-3.6.3_repository\org\springframework\boot\spring-boot-starter-logging\2.0.5.RELEASE\spring-boot-starter-logging-2.0.5.RELEASE.jar;E:\Logiciels\apache-maven-3.6.3_repository\ch\qos\logback\logback-classic\1.2.3\logback-classic-1.2.3.jar;E:\Logiciels\apache-maven-3.6.3_repository\ch\qos\logback\logback-core\1.2.3\logback-core-1.2.3.jar;E:\Logiciels\apache-maven-3.6.3_repository\org\apache\logging\log4j\log4j-to-slf4j\2.10.0\log4j-to-slf4j-2.10.0.jar;E:\Logiciels\apache-maven-3.6.3_repository\org\apache\logging\log4j\log4j-api\2.10.0\log4j-api-2.10.0.jar;E:\Logiciels\apache-maven-3.6.3_repository\org\slf4j\jul-to-slf4j\1.7.25\jul-to-slf4j-1.7.25.jar;E:\Logiciels\apache-maven-3.6.3_repository\javax\annotation\javax.annotation-api\1.3.2\javax.annotation-api-1.3.2.jar;E:\Logiciels\apache-maven-3.6.3_repository\org\yaml\snakeyaml\1.19\snakeyaml-1.19.jar;E:\Logiciels\apache-maven-3.6.3_repository\org\springframework\boot\spring-boot-starter-aop\2.0.5.RELEASE\spring-boot-starter-aop-2.0.5.RELEASE.jar;E:\Logiciels\apache-maven-3.6.3_repository\org\springframework\spring-aop\5.0.9.RELEASE\spring-aop-5.0.9.RELEASE.jar;E:\Logiciels\apache-maven-3.6.3_repository\org\aspectj\aspectjweaver\1.8.13\aspectjweaver-1.8.13.jar;E:\Logiciels\apache-maven-3.6.3_repository\org\springframework\boot\spring-boot-starter-jdbc\2.0.5.RELEASE\spring-boot-starter-jdbc-2.0.5.RELEASE.jar;E:\Logiciels\apache-maven-3.6.3_repository\com\zaxxer\HikariCP\2.7.9\HikariCP-2.7.9.jar;E:\Logiciels\apache-maven-3.6.3_repository\org\springframework\spring-jdbc\5.0.9.RELEASE\spring-jdbc-5.0.9.RELEASE.jar;E:\Logiciels\apache-maven-3.6.3_repository\javax\transaction\javax.transaction-api\1.2\javax.transaction-api-1.2.jar;E:\Logiciels\apache-maven-3.6.3_repository\org\hibernate\hibernate-core\5.2.17.Final\hibernate-core-5.2.17.Final.jar;E:\Logiciels\apache-maven-3.6.3_repository\org\jboss\logging\jboss-logging\3.3.2.Final\jboss-logging-3.3.2.Final.jar;E:\Logiciels\apache-maven-3.6.3_repository\org\hibernate\javax\persistence\hibernate-jpa-2.1-api\1.0.2.Final\hibernate-jpa-2.1-api-1.0.2.Final.jar;E:\Logiciels\apache-maven-3.6.3_repository\org\javassist\javassist\3.22.0-GA\javassist-3.22.0-GA.jar;E:\Logiciels\apache-maven-3.6.3_repository\antlr\antlr\2.7.7\antlr-2.7.7.jar;E:\Logiciels\apache-maven-3.6.3_repository\org\jboss\jandex\2.0.3.Final\jandex-2.0.3.Final.jar;E:\Logiciels\apache-maven-3.6.3_repository\com\fasterxml\classmate\1.3.4\classmate-1.3.4.jar;E:\Logiciels\apache-maven-3.6.3_repository\dom4j\dom4j\1.6.1\dom4j-1.6.1.jar;E:\Logiciels\apache-maven-3.6.3_repository\org\hibernate\common\hibernate-commons-annotations\5.0.1.Final\hibernate-commons-annotations-5.0.1.Final.jar;E:\Logiciels\apache-maven-3.6.3_repository\org\springframework\data\spring-data-jpa\2.0.10.RELEASE\spring-data-jpa-2.0.10.RELEASE.jar;E:\Logiciels\apache-maven-3.6.3_repository\org\springframework\data\spring-data-commons\2.0.10.RELEASE\spring-data-commons-2.0.10.RELEASE.jar;E:\Logiciels\apache-maven-3.6.3_repository\org\springframework\spring-orm\5.0.9.RELEASE\spring-orm-5.0.9.RELEASE.jar;E:\Logiciels\apache-maven-3.6.3_repository\org\springframework\spring-context\5.0.9.RELEASE\spring-context-5.0.9.RELEASE.jar;E:\Logiciels\apache-maven-3.6.3_repository\org\springframework\spring-tx\5.0.9.RELEASE\spring-tx-5.0.9.RELEASE.jar;E:\Logiciels\apache-maven-3.6.3_repository\org\springframework\spring-beans\5.0.9.RELEASE\spring-beans-5.0.9.RELEASE.jar;E:\Logiciels\apache-maven-3.6.3_repository\org\slf4j\slf4j-api\1.7.25\slf4j-api-1.7.25.jar;E:\Logiciels\apache-maven-3.6.3_repository\org\springframework\spring-aspects\5.0.9.RELEASE\spring-aspects-5.0.9.RELEASE.jar;E:\Logiciels\apache-maven-3.6.3_repository\org\springframework\boot\spring-boot-starter-web\2.0.5.RELEASE\spring-boot-starter-web-2.0.5.RELEASE.jar;E:\Logiciels\apache-maven-3.6.3_repository\org\springframework\boot\spring-boot-starter-json\2.0.5.RELEASE\spring-boot-starter-json-2.0.5.RELEASE.jar;E:\Logiciels\apache-maven-3.6.3_repository\com\fasterxml\jackson\core\jackson-databind\2.9.6\jackson-databind-2.9.6.jar;E:\Logiciels\apache-maven-3.6.3_repository\com\fasterxml\jackson\core\jackson-annotations\2.9.0\jackson-annotations-2.9.0.jar;E:\Logiciels\apache-maven-3.6.3_repository\com\fasterxml\jackson\core\jackson-core\2.9.6\jackson-core-2.9.6.jar;E:\Logiciels\apache-maven-3.6.3_repository\com\fasterxml\jackson\datatype\jackson-datatype-jdk8\2.9.6\jackson-datatype-jdk8-2.9.6.jar;E:\Logiciels\apache-maven-3.6.3_repository\com\fasterxml\jackson\datatype\jackson-datatype-jsr310\2.9.6\jackson-datatype-jsr310-2.9.6.jar;E:\Logiciels\apache-maven-3.6.3_repository\com\fasterxml\jackson\module\jackson-module-parameter-names\2.9.6\jackson-module-parameter-names-2.9.6.jar;E:\Logiciels\apache-maven-3.6.3_repository\org\springframework\boot\spring-boot-starter-tomcat\2.0.5.RELEASE\spring-boot-starter-tomcat-2.0.5.RELEASE.jar;E:\Logiciels\apache-maven-3.6.3_repository\org\apache\tomcat\embed\tomcat-embed-core\8.5.34\tomcat-embed-core-8.5.34.jar;E:\Logiciels\apache-maven-3.6.3_repository\org\apache\tomcat\embed\tomcat-embed-el\8.5.34\tomcat-embed-el-8.5.34.jar;E:\Logiciels\apache-maven-3.6.3_repository\org\apache\tomcat\embed\tomcat-embed-websocket\8.5.34\tomcat-embed-websocket-8.5.34.jar;E:\Logiciels\apache-maven-3.6.3_repository\org\hibernate\validator\hibernate-validator\6.0.12.Final\hibernate-validator-6.0.12.Final.jar;E:\Logiciels\apache-maven-3.6.3_repository\javax\validation\validation-api\2.0.1.Final\validation-api-2.0.1.Final.jar;E:\Logiciels\apache-maven-3.6.3_repository\org\springframework\spring-web\5.0.9.RELEASE\spring-web-5.0.9.RELEASE.jar;E:\Logiciels\apache-maven-3.6.3_repository\org\springframework\spring-webmvc\5.0.9.RELEASE\spring-webmvc-5.0.9.RELEASE.jar;E:\Logiciels\apache-maven-3.6.3_repository\org\springframework\spring-expression\5.0.9.RELEASE\spring-expression-5.0.9.RELEASE.jar;E:\Logiciels\apache-maven-3.6.3_repository\org\springframework\boot\spring-boot-devtools\2.0.5.RELEASE\spring-boot-devtools-2.0.5.RELEASE.jar;E:\Logiciels\apache-maven-3.6.3_repository\org\springframework\boot\spring-boot\2.0.5.RELEASE\spring-boot-2.0.5.RELEASE.jar;E:\Logiciels\apache-maven-3.6.3_repository\org\springframework\boot\spring-boot-autoconfigure\2.0.5.RELEASE\spring-boot-autoconfigure-2.0.5.RELEASE.jar;E:\Logiciels\apache-maven-3.6.3_repository\mysql\mysql-connector-java\5.1.47\mysql-connector-java-5.1.47.jar;E:\Logiciels\apache-maven-3.6.3_repository\org\springframework\boot\spring-boot-starter-test\2.0.5.RELEASE\spring-boot-starter-test-2.0.5.RELEASE.jar;E:\Logiciels\apache-maven-3.6.3_repository\org\springframework\boot\spring-boot-test\2.0.5.RELEASE\spring-boot-test-2.0.5.RELEASE.jar;E:\Logiciels\apache-maven-3.6.3_repository\org\springframework\boot\spring-boot-test-autoconfigure\2.0.5.RELEASE\spring-boot-test-autoconfigure-2.0.5.RELEASE.jar;E:\Logiciels\apache-maven-3.6.3_repository\com\jayway\jsonpath\json-path\2.4.0\json-path-2.4.0.jar;E:\Logiciels\apache-maven-3.6.3_repository\net\minidev\json-smart\2.3\json-smart-2.3.jar;E:\Logiciels\apache-maven-3.6.3_repository\net\minidev\accessors-smart\1.2\accessors-smart-1.2.jar;E:\Logiciels\apache-maven-3.6.3_repository\org\ow2\asm\asm\5.0.4\asm-5.0.4.jar;E:\Logiciels\apache-maven-3.6.3_repository\junit\junit\4.12\junit-4.12.jar;E:\Logiciels\apache-maven-3.6.3_repository\org\assertj\assertj-core\3.9.1\assertj-core-3.9.1.jar;E:\Logiciels\apache-maven-3.6.3_repository\org\mockito\mockito-core\2.15.0\mockito-core-2.15.0.jar;E:\Logiciels\apache-maven-3.6.3_repository\net\bytebuddy\byte-buddy\1.7.11\byte-buddy-1.7.11.jar;E:\Logiciels\apache-maven-3.6.3_repository\net\bytebuddy\byte-buddy-agent\1.7.11\byte-buddy-agent-1.7.11.jar;E:\Logiciels\apache-maven-3.6.3_repository\org\objenesis\objenesis\2.6\objenesis-2.6.jar;E:\Logiciels\apache-maven-3.6.3_repository\org\hamcrest\hamcrest-core\1.3\hamcrest-core-1.3.jar;E:\Logiciels\apache-maven-3.6.3_repository\org\hamcrest\hamcrest-library\1.3\hamcrest-library-1.3.jar;E:\Logiciels\apache-maven-3.6.3_repository\org\skyscreamer\jsonassert\1.5.0\jsonassert-1.5.0.jar;E:\Logiciels\apache-maven-3.6.3_repository\com\vaadin\external\google\android-json\0.0.20131108.vaadin1\android-json-0.0.20131108.vaadin1.jar;E:\Logiciels\apache-maven-3.6.3_repository\org\springframework\spring-core\5.0.9.RELEASE\spring-core-5.0.9.RELEASE.jar;E:\Logiciels\apache-maven-3.6.3_repository\org\springframework\spring-jcl\5.0.9.RELEASE\spring-jcl-5.0.9.RELEASE.jar;E:\Logiciels\apache-maven-3.6.3_repository\org\springframework\spring-test\5.0.9.RELEASE\spring-test-5.0.9.RELEASE.jar;E:\Logiciels\apache-maven-3.6.3_repository\org\xmlunit\xmlunit-core\2.5.1\xmlunit-core-2.5.1.jar;"/>
    <property name="sun.cpu.endian" value="little"/>
    <property name="user.home" value="C:\Users\maher"/>
    <property name="user.language" value="fr"/>
    <property name="java.specification.vendor" value="Oracle Corporation"/>
    <property name="java.home" value="E:\Logiciels\jdk-8u241-windows-x64\jre"/>
    <property name="basedir" value="E:\workspaces\workspace\spring-boot-auditing"/>
    <property name="file.separator" value="\"/>
    <property name="line.separator" value="&#10;"/>
    <property name="java.vm.specification.vendor" value="Oracle Corporation"/>
    <property name="java.specification.name" value="Java Platform API Specification"/>
    <property name="java.awt.graphicsenv" value="sun.awt.Win32GraphicsEnvironment"/>
    <property name="surefire.real.class.path" value="C:\Users\maher\AppData\Local\Temp\surefire5964127393736139969\surefirebooter155370718290996901.jar"/>
    <property name="sun.boot.class.path" value="E:\Logiciels\jdk-8u241-windows-x64\jre\lib\resources.jar;E:\Logiciels\jdk-8u241-windows-x64\jre\lib\rt.jar;E:\Logiciels\jdk-8u241-windows-x64\jre\lib\sunrsasign.jar;E:\Logiciels\jdk-8u241-windows-x64\jre\lib\jsse.jar;E:\Logiciels\jdk-8u241-windows-x64\jre\lib\jce.jar;E:\Logiciels\jdk-8u241-windows-x64\jre\lib\charsets.jar;E:\Logiciels\jdk-8u241-windows-x64\jre\lib\jfr.jar;E:\Logiciels\jdk-8u241-windows-x64\jre\classes"/>
    <property name="user.script" value=""/>
    <property name="sun.management.compiler" value="HotSpot 64-Bit Tiered Compilers"/>
    <property name="java.runtime.version" value="1.8.0_241-b07"/>
    <property name="user.name" value="maher"/>
    <property name="path.separator" value=";"/>
    <property name="os.version" value="10.0"/>
    <property name="java.endorsed.dirs" value="E:\Logiciels\jdk-8u241-windows-x64\jre\lib\endorsed"/>
    <property name="java.runtime.name" value="Java(TM) SE Runtime Environment"/>
    <property name="file.encoding" value="Cp1252"/>
    <property name="java.vm.name" value="Java HotSpot(TM) 64-Bit Server VM"/>
    <property name="localRepository" value="E:\Logiciels\apache-maven-3.6.3_repository"/>
    <property name="java.vendor.url.bug" value="http://bugreport.sun.com/bugreport/"/>
    <property name="java.io.tmpdir" value="C:\Users\maher\AppData\Local\Temp\"/>
    <property name="java.version" value="1.8.0_241"/>
    <property name="user.dir" value="E:\workspaces\workspace\spring-boot-auditing"/>
    <property name="os.arch" value="amd64"/>
    <property name="java.vm.specification.name" value="Java Virtual Machine Specification"/>
    <property name="java.awt.printerjob" value="sun.awt.windows.WPrinterJob"/>
    <property name="sun.os.patch.level" value=""/>
    <property name="java.library.path" value="E:\Logiciels\jdk-8u241-windows-x64\jre\bin;C:\Windows\Sun\Java\bin;C:\Windows\system32;C:\Windows;E:/Logiciels/jre-8u241-windows-x64/bin/server;E:/Logiciels/jre-8u241-windows-x64/bin;E:/Logiciels/jre-8u241-windows-x64/lib/amd64;C:\Program Files (x86)\Common Files\Oracle\Java\javapath;C:\Windows\system32;C:\Windows;C:\Windows\System32\Wbem;C:\Windows\System32\WindowsPowerShell\v1.0\;E:\Logiciels\jdk-11.0.6\bin;E:\Logiciels\apache-tomcat-9.0.33\bin;E:\Logiciels\apache-maven-3.6.3\bin;E:\Logiciels\gradle-6.3\bin;C:\Program Files\MySQL\MySQL Utilities 1.6\;C:\Program Files\Git\cmd;C:\Users\maher\AppData\Local\Programs\Python\Python37\Scripts\;C:\Users\maher\AppData\Local\Programs\Python\Python37\;C:\Users\maher\AppData\Local\atom\bin;C:\Program Files\JetBrains\PyCharm Community Edition 2019.3.4\bin;E:\Logiciels\jdk-11.0.6\bin;E:\Logiciels\apache-tomcat-9.0.33\bin;E:\Logiciels\apache-maven-3.6.3\bin;C:\Users\maher\AppData\Local\GitHubDesktop\bin;E:\Logiciels\eclipse;;."/>
    <property name="java.vm.info" value="mixed mode"/>
    <property name="java.vendor" value="Oracle Corporation"/>
    <property name="java.vm.version" value="25.241-b07"/>
    <property name="java.ext.dirs" value="E:\Logiciels\jdk-8u241-windows-x64\jre\lib\ext;C:\Windows\Sun\Java\lib\ext"/>
    <property name="sun.io.unicode.encoding" value="UnicodeLittle"/>
    <property name="java.class.version" value="52.0"/>
  </properties>
  <testcase name="contextLoads" classname="com.mf.springboot.jpa.auditing.test.SpringbootJpaAuditingApplicationTests" time="0.057"/>
</testsuite>